[12:34:07] [main/INFO]: Setting user: Player661
[12:34:07] [Client thread/INFO]: LWJGL Version: 2.9.1
[12:34:08] [Client thread/ERROR]: Couldn't initialize twitch stream
[12:34:10] [Client thread/INFO]: Reloading ResourceManager: Default, FMLFileResourcePack:Forge Mod Loader, FMLFileResourcePack:Minecraft Forge, FMLFileResourcePack:Sciencecraft
[12:34:11] [Sound Library Loader/INFO]: Sound engine started
[12:34:12] [Client thread/INFO]: Created: 512x256 textures/blocks-atlas
[12:34:12] [Client thread/INFO]: Created: 256x256 textures/items-atlas
[12:34:12] [Client thread/INFO]: Reloading ResourceManager: Default, FMLFileResourcePack:Forge Mod Loader, FMLFileResourcePack:Minecraft Forge, FMLFileResourcePack:Sciencecraft
[12:34:12] [Client thread/INFO]: Created: 512x256 textures/blocks-atlas
[12:34:12] [Client thread/INFO]: Created: 256x256 textures/items-atlas
[12:34:13] [Sound Library Loader/INFO]: Sound engine started
[12:34:16] [Server thread/INFO]: Starting integrated minecraft server version 1.7.10
[12:34:16] [Server thread/INFO]: Generating keypair
[12:34:16] [Server thread/INFO]: Preparing start region for level 0
[12:34:16] [Server thread/WARN]: Skipping BlockEntity with id 
[12:34:17] [Server thread/INFO]: Changing view distance to 12, from 10
[12:34:17] [Server thread/INFO]: Player661[local:E:b00556c1] logged in with entity id 327 at (243.85727132037596, 68.0, 253.52484882847313)
[12:34:17] [Server thread/INFO]: Player661 joined the game
[12:34:39] [Server thread/INFO]: Saving and pausing game...
[12:34:39] [Server thread/INFO]: Saving chunks for level 'gen test'/Overworld
[12:34:39] [Server thread/INFO]: Saving chunks for level 'gen test'/Nether
[12:34:39] [Server thread/INFO]: Saving chunks for level 'gen test'/The End
[12:34:40] [Server thread/INFO]: Stopping server
[12:34:40] [Server thread/INFO]: Saving players
[12:34:40] [Server thread/INFO]: Saving worlds
[12:34:40] [Server thread/INFO]: Saving chunks for level 'gen test'/Overworld
[12:34:40] [Server thread/INFO]: Saving chunks for level 'gen test'/Nether
[12:34:40] [Server thread/INFO]: Saving chunks for level 'gen test'/The End
[12:34:41] [Client thread/INFO]: Stopping!
