2015-04-18 11:06:56,703 ERROR [Worker-3] - System.err - SLF4J: Failed to load class "org.slf4j.impl.StaticLoggerBinder".
2015-04-18 11:06:56,704 ERROR [Worker-3] - System.err - SLF4J: Defaulting to no-operation (NOP) logger implementation
2015-04-18 11:06:56,704 ERROR [Worker-3] - System.err - SLF4J: See http://www.slf4j.org/codes.html#StaticLoggerBinder for further details.
2015-04-18 11:21:58,361 ERROR [Worker-7] - System.err - SLF4J: Failed to load class "org.slf4j.impl.StaticLoggerBinder".
2015-04-18 11:21:58,363 ERROR [Worker-7] - System.err - SLF4J: Defaulting to no-operation (NOP) logger implementation
2015-04-18 11:21:58,363 ERROR [Worker-7] - System.err - SLF4J: See http://www.slf4j.org/codes.html#StaticLoggerBinder for further details.
2015-04-18 11:56:09,948 ERROR [Worker-8] - System.err - SLF4J: Failed to load class "org.slf4j.impl.StaticLoggerBinder".
2015-04-18 11:56:09,948 ERROR [Worker-8] - System.err - SLF4J: Defaulting to no-operation (NOP) logger implementation
2015-04-18 11:56:09,948 ERROR [Worker-8] - System.err - SLF4J: See http://www.slf4j.org/codes.html#StaticLoggerBinder for further details.
2015-04-18 12:23:12,768 ERROR [Worker-0] - System.err - SLF4J: Failed to load class "org.slf4j.impl.StaticLoggerBinder".
2015-04-18 12:23:12,768 ERROR [Worker-0] - System.err - SLF4J: Defaulting to no-operation (NOP) logger implementation
2015-04-18 12:23:12,768 ERROR [Worker-0] - System.err - SLF4J: See http://www.slf4j.org/codes.html#StaticLoggerBinder for further details.
2015-04-19 14:42:34,574 ERROR [Worker-80] - System.err - SLF4J: Failed to load class "org.slf4j.impl.StaticLoggerBinder".
2015-04-19 14:42:34,580 ERROR [Worker-80] - System.err - SLF4J: Defaulting to no-operation (NOP) logger implementation
2015-04-19 14:42:34,580 ERROR [Worker-80] - System.err - SLF4J: See http://www.slf4j.org/codes.html#StaticLoggerBinder for further details.
2015-04-19 15:41:56,789 ERROR [main] - System.err - java.lang.NullPointerException
2015-04-19 15:41:56,790 ERROR [main] - System.err - at jd.dJ.a(Unknown Source)
2015-04-19 15:41:56,790 ERROR [main] - System.err - at jd.fX.a(Unknown Source)
2015-04-19 15:41:56,790 ERROR [main] - System.err - at jd.fX.a(Unknown Source)
2015-04-19 15:41:56,790 ERROR [main] - System.err - at jd.fE.a(Unknown Source)
2015-04-19 15:41:56,790 ERROR [main] - System.err - at jd.fE.a(Unknown Source)
2015-04-19 15:41:56,790 ERROR [main] - System.err - at jd.fI.a(Unknown Source)
2015-04-19 15:41:56,790 ERROR [main] - System.err - at jd.fI.a(Unknown Source)
2015-04-19 15:41:56,790 ERROR [main] - System.err - at jd.af.b(Unknown Source)
2015-04-19 15:41:56,790 ERROR [main] - System.err - at jd.af.a(Unknown Source)
2015-04-19 15:41:56,790 ERROR [main] - System.err - at jd.af.a(Unknown Source)
2015-04-19 15:41:56,790 ERROR [main] - System.err - at jd.i.a(Unknown Source)
2015-04-19 15:41:56,790 ERROR [main] - System.err - at jd.ide.eclipse.editors.JDSourceMapper.decompile(Native Method)
2015-04-19 15:41:56,790 ERROR [main] - System.err - at jd.ide.eclipse.editors.JDSourceMapper.findSource(JDSourceMapper.java:75)
2015-04-19 15:41:56,790 ERROR [main] - System.err - at org.eclipse.jdt.internal.core.SourceMapper.getSourceForRootPath(SourceMapper.java:1047)
2015-04-19 15:41:56,790 ERROR [main] - System.err - at org.eclipse.jdt.internal.core.SourceMapper.findSource(SourceMapper.java:1008)
2015-04-19 15:41:56,790 ERROR [main] - System.err - at org.eclipse.jdt.internal.core.SourceMapper.findSource(SourceMapper.java:983)
2015-04-19 15:41:56,790 ERROR [main] - System.err - at org.eclipse.jdt.internal.core.ClassFile.mapSource_aroundBody2(ClassFile.java:637)
2015-04-19 15:41:56,790 ERROR [main] - System.err - at org.eclipse.jdt.internal.core.ClassFile.mapSource(ClassFile.java:637)
2015-04-19 15:41:56,790 ERROR [main] - System.err - at org.eclipse.jdt.internal.core.ClassFile.openBuffer(ClassFile.java:630)
2015-04-19 15:41:56,790 ERROR [main] - System.err - at org.eclipse.jdt.internal.core.Openable.getBuffer(Openable.java:288)
2015-04-19 15:41:56,790 ERROR [main] - System.err - at org.eclipse.jdt.internal.core.ClassFile.getBuffer(ClassFile.java:359)
2015-04-19 15:41:56,790 ERROR [main] - System.err - at org.eclipse.jdt.internal.core.ClassFile.getSourceRange(ClassFile.java:518)
2015-04-19 15:41:56,790 ERROR [main] - System.err - at org.eclipse.jdt.internal.ui.javaeditor.ClassFileEditor.probeInputForSource(ClassFileEditor.java:763)
2015-04-19 15:41:56,790 ERROR [main] - System.err - at org.eclipse.jdt.internal.ui.javaeditor.ClassFileEditor.doSetInput(ClassFileEditor.java:662)
2015-04-19 15:41:56,790 ERROR [main] - System.err - at jd.ide.eclipse.editors.JDClassFileEditor.doSetInput(JDClassFileEditor.java:70)
2015-04-19 15:41:56,790 ERROR [main] - System.err - at org.eclipse.ui.texteditor.AbstractTextEditor$19.run(AbstractTextEditor.java:3217)
2015-04-19 15:41:56,791 ERROR [main] - System.err - at org.eclipse.jface.operation.ModalContext.runInCurrentThread(ModalContext.java:464)
2015-04-19 15:41:56,791 ERROR [main] - System.err - at org.eclipse.jface.operation.ModalContext.run(ModalContext.java:372)
2015-04-19 15:41:56,791 ERROR [main] - System.err - at org.eclipse.ui.internal.WorkbenchWindow$13.run(WorkbenchWindow.java:1818)
2015-04-19 15:41:56,791 ERROR [main] - System.err - at org.eclipse.swt.custom.BusyIndicator.showWhile(BusyIndicator.java:70)
2015-04-19 15:41:56,791 ERROR [main] - System.err - at org.eclipse.ui.internal.WorkbenchWindow.run(WorkbenchWindow.java:1815)
2015-04-19 15:41:56,791 ERROR [main] - System.err - at org.eclipse.ui.texteditor.AbstractTextEditor.internalInit(AbstractTextEditor.java:3235)
2015-04-19 15:41:56,791 ERROR [main] - System.err - at org.eclipse.ui.texteditor.AbstractTextEditor.init(AbstractTextEditor.java:3262)
2015-04-19 15:41:56,791 ERROR [main] - System.err - at org.eclipse.ui.internal.EditorReference.initialize(EditorReference.java:359)
2015-04-19 15:41:56,791 ERROR [main] - System.err - at org.eclipse.ui.internal.e4.compatibility.CompatibilityPart.create(CompatibilityPart.java:306)
2015-04-19 15:41:56,791 ERROR [main] - System.err - at sun.reflect.GeneratedMethodAccessor53.invoke(Unknown Source)
2015-04-19 15:41:56,791 ERROR [main] - System.err - at sun.reflect.DelegatingMethodAccessorImpl.invoke(Unknown Source)
2015-04-19 15:41:56,791 ERROR [main] - System.err - at java.lang.reflect.Method.invoke(Unknown Source)
2015-04-19 15:41:56,791 ERROR [main] - System.err - at org.eclipse.e4.core.internal.di.MethodRequestor.execute(MethodRequestor.java:56)
2015-04-19 15:41:56,791 ERROR [main] - System.err - at org.eclipse.e4.core.internal.di.InjectorImpl.processAnnotated(InjectorImpl.java:877)
2015-04-19 15:41:56,791 ERROR [main] - System.err - at org.eclipse.e4.core.internal.di.InjectorImpl.processAnnotated(InjectorImpl.java:857)
2015-04-19 15:41:56,791 ERROR [main] - System.err - at org.eclipse.e4.core.internal.di.InjectorImpl.inject(InjectorImpl.java:119)
2015-04-19 15:41:56,791 ERROR [main] - System.err - at org.eclipse.e4.core.internal.di.InjectorImpl.internalMake(InjectorImpl.java:333)
2015-04-19 15:41:56,791 ERROR [main] - System.err - at org.eclipse.e4.core.internal.di.InjectorImpl.make(InjectorImpl.java:254)
2015-04-19 15:41:56,791 ERROR [main] - System.err - at org.eclipse.e4.core.contexts.ContextInjectionFactory.make(ContextInjectionFactory.java:162)
2015-04-19 15:41:56,791 ERROR [main] - System.err - at org.eclipse.e4.ui.internal.workbench.ReflectionContributionFactory.createFromBundle(ReflectionContributionFactory.java:102)
2015-04-19 15:41:56,791 ERROR [main] - System.err - at org.eclipse.e4.ui.internal.workbench.ReflectionContributionFactory.doCreate(ReflectionContributionFactory.java:71)
2015-04-19 15:41:56,791 ERROR [main] - System.err - at org.eclipse.e4.ui.internal.workbench.ReflectionContributionFactory.create(ReflectionContributionFactory.java:53)
2015-04-19 15:41:56,791 ERROR [main] - System.err - at org.eclipse.e4.ui.workbench.renderers.swt.ContributedPartRenderer.createWidget(ContributedPartRenderer.java:129)
2015-04-19 15:41:56,791 ERROR [main] - System.err - at org.eclipse.e4.ui.internal.workbench.swt.PartRenderingEngine.createWidget(PartRenderingEngine.java:949)
2015-04-19 15:41:56,791 ERROR [main] - System.err - at org.eclipse.e4.ui.internal.workbench.swt.PartRenderingEngine.safeCreateGui(PartRenderingEngine.java:633)
2015-04-19 15:41:56,791 ERROR [main] - System.err - at org.eclipse.e4.ui.internal.workbench.swt.PartRenderingEngine.safeCreateGui(PartRenderingEngine.java:735)
2015-04-19 15:41:56,791 ERROR [main] - System.err - at org.eclipse.e4.ui.internal.workbench.swt.PartRenderingEngine.access$2(PartRenderingEngine.java:706)
2015-04-19 15:41:56,791 ERROR [main] - System.err - at org.eclipse.e4.ui.internal.workbench.swt.PartRenderingEngine$7.run(PartRenderingEngine.java:700)
2015-04-19 15:41:56,791 ERROR [main] - System.err - at org.eclipse.core.runtime.SafeRunner.run(SafeRunner.java:42)
2015-04-19 15:41:56,791 ERROR [main] - System.err - at org.eclipse.e4.ui.internal.workbench.swt.PartRenderingEngine.createGui(PartRenderingEngine.java:685)
2015-04-19 15:41:56,791 ERROR [main] - System.err - at org.eclipse.e4.ui.workbench.renderers.swt.StackRenderer.showTab(StackRenderer.java:1096)
2015-04-19 15:41:56,791 ERROR [main] - System.err - at org.eclipse.e4.ui.workbench.renderers.swt.LazyStackRenderer$1.handleEvent(LazyStackRenderer.java:66)
2015-04-19 15:41:56,791 ERROR [main] - System.err - at org.eclipse.e4.ui.services.internal.events.UIEventHandler$1.run(UIEventHandler.java:41)
2015-04-19 15:41:56,791 ERROR [main] - System.err - at org.eclipse.swt.widgets.Synchronizer.syncExec(Synchronizer.java:180)
2015-04-19 15:41:56,791 ERROR [main] - System.err - at org.eclipse.ui.internal.UISynchronizer.syncExec(UISynchronizer.java:150)
2015-04-19 15:41:56,791 ERROR [main] - System.err - at org.eclipse.swt.widgets.Display.syncExec(Display.java:4688)
2015-04-19 15:41:56,791 ERROR [main] - System.err - at org.eclipse.e4.ui.internal.workbench.swt.E4Application$1.syncExec(E4Application.java:205)
2015-04-19 15:41:56,791 ERROR [main] - System.err - at org.eclipse.e4.ui.services.internal.events.UIEventHandler.handleEvent(UIEventHandler.java:38)
2015-04-19 15:41:56,791 ERROR [main] - System.err - at org.eclipse.equinox.internal.event.EventHandlerWrapper.handleEvent(EventHandlerWrapper.java:197)
2015-04-19 15:41:56,791 ERROR [main] - System.err - at org.eclipse.equinox.internal.event.EventHandlerTracker.dispatchEvent(EventHandlerTracker.java:197)
2015-04-19 15:41:56,791 ERROR [main] - System.err - at org.eclipse.equinox.internal.event.EventHandlerTracker.dispatchEvent(EventHandlerTracker.java:1)
2015-04-19 15:41:56,791 ERROR [main] - System.err - at org.eclipse.osgi.framework.eventmgr.EventManager.dispatchEvent(EventManager.java:230)
2015-04-19 15:41:56,791 ERROR [main] - System.err - at org.eclipse.osgi.framework.eventmgr.ListenerQueue.dispatchEventSynchronous(ListenerQueue.java:148)
2015-04-19 15:41:56,791 ERROR [main] - System.err - at org.eclipse.equinox.internal.event.EventAdminImpl.dispatchEvent(EventAdminImpl.java:135)
2015-04-19 15:41:56,791 ERROR [main] - System.err - at org.eclipse.equinox.internal.event.EventAdminImpl.sendEvent(EventAdminImpl.java:78)
2015-04-19 15:41:56,791 ERROR [main] - System.err - at org.eclipse.equinox.internal.event.EventComponent.sendEvent(EventComponent.java:39)
2015-04-19 15:41:56,791 ERROR [main] - System.err - at org.eclipse.e4.ui.services.internal.events.EventBroker.send(EventBroker.java:80)
2015-04-19 15:41:56,791 ERROR [main] - System.err - at org.eclipse.e4.ui.internal.workbench.UIEventPublisher.notifyChanged(UIEventPublisher.java:58)
2015-04-19 15:41:56,791 ERROR [main] - System.err - at org.eclipse.emf.common.notify.impl.BasicNotifierImpl.eNotify(BasicNotifierImpl.java:374)
2015-04-19 15:41:56,791 ERROR [main] - System.err - at org.eclipse.e4.ui.model.application.ui.impl.ElementContainerImpl.setSelectedElement(ElementContainerImpl.java:171)
2015-04-19 15:41:56,791 ERROR [main] - System.err - at org.eclipse.e4.ui.internal.workbench.ModelServiceImpl.showElementInWindow(ModelServiceImpl.java:576)
2015-04-19 15:41:56,791 ERROR [main] - System.err - at org.eclipse.e4.ui.internal.workbench.ModelServiceImpl.bringToTop(ModelServiceImpl.java:543)
2015-04-19 15:41:56,792 ERROR [main] - System.err - at org.eclipse.e4.ui.internal.workbench.PartServiceImpl.delegateBringToTop(PartServiceImpl.java:610)
2015-04-19 15:41:56,792 ERROR [main] - System.err - at org.eclipse.e4.ui.internal.workbench.PartServiceImpl.showPart(PartServiceImpl.java:1031)
2015-04-19 15:41:56,792 ERROR [main] - System.err - at org.eclipse.ui.internal.WorkbenchPage.busyOpenEditor(WorkbenchPage.java:3112)
2015-04-19 15:41:56,792 ERROR [main] - System.err - at org.eclipse.ui.internal.WorkbenchPage.access$21(WorkbenchPage.java:3034)
2015-04-19 15:41:56,792 ERROR [main] - System.err - at org.eclipse.ui.internal.WorkbenchPage$8.run(WorkbenchPage.java:3016)
2015-04-19 15:41:56,792 ERROR [main] - System.err - at org.eclipse.swt.custom.BusyIndicator.showWhile(BusyIndicator.java:70)
2015-04-19 15:41:56,792 ERROR [main] - System.err - at org.eclipse.ui.internal.WorkbenchPage.openEditor(WorkbenchPage.java:3012)
2015-04-19 15:41:56,792 ERROR [main] - System.err - at org.eclipse.ui.internal.WorkbenchPage.openEditor(WorkbenchPage.java:2976)
2015-04-19 15:41:56,792 ERROR [main] - System.err - at org.eclipse.ui.internal.WorkbenchPage.openEditor(WorkbenchPage.java:2967)
2015-04-19 15:41:56,792 ERROR [main] - System.err - at org.eclipse.jdt.internal.ui.javaeditor.EditorUtility.openInEditor(EditorUtility.java:373)
2015-04-19 15:41:56,792 ERROR [main] - System.err - at org.eclipse.jdt.internal.ui.javaeditor.EditorUtility.openInEditor(EditorUtility.java:179)
2015-04-19 15:41:56,792 ERROR [main] - System.err - at org.eclipse.jdt.ui.actions.OpenAction.run(OpenAction.java:268)
2015-04-19 15:41:56,792 ERROR [main] - System.err - at org.eclipse.jdt.ui.actions.OpenAction.run(OpenAction.java:233)
2015-04-19 15:41:56,792 ERROR [main] - System.err - at org.eclipse.jdt.internal.ui.javaeditor.JavaElementHyperlink.open(JavaElementHyperlink.java:77)
2015-04-19 15:41:56,792 ERROR [main] - System.err - at org.eclipse.jface.text.hyperlink.HyperlinkManager.mouseUp(HyperlinkManager.java:436)
2015-04-19 15:41:56,792 ERROR [main] - System.err - at org.eclipse.swt.widgets.TypedListener.handleEvent(TypedListener.java:220)
2015-04-19 15:41:56,792 ERROR [main] - System.err - at org.eclipse.swt.widgets.EventTable.sendEvent(EventTable.java:84)
2015-04-19 15:41:56,792 ERROR [main] - System.err - at org.eclipse.swt.widgets.Widget.sendEvent(Widget.java:1057)
2015-04-19 15:41:56,792 ERROR [main] - System.err - at org.eclipse.swt.widgets.Display.runDeferredEvents(Display.java:4170)
2015-04-19 15:41:56,792 ERROR [main] - System.err - at org.eclipse.swt.widgets.Display.readAndDispatch(Display.java:3759)
2015-04-19 15:41:56,792 ERROR [main] - System.err - at org.eclipse.e4.ui.internal.workbench.swt.PartRenderingEngine$9.run(PartRenderingEngine.java:1113)
2015-04-19 15:41:56,792 ERROR [main] - System.err - at org.eclipse.core.databinding.observable.Realm.runWithDefault(Realm.java:332)
2015-04-19 15:41:56,792 ERROR [main] - System.err - at org.eclipse.e4.ui.internal.workbench.swt.PartRenderingEngine.run(PartRenderingEngine.java:997)
2015-04-19 15:41:56,792 ERROR [main] - System.err - at org.eclipse.e4.ui.internal.workbench.E4Workbench.createAndRunUI(E4Workbench.java:138)
2015-04-19 15:41:56,792 ERROR [main] - System.err - at org.eclipse.ui.internal.Workbench$5.run(Workbench.java:610)
2015-04-19 15:41:56,792 ERROR [main] - System.err - at org.eclipse.core.databinding.observable.Realm.runWithDefault(Realm.java:332)
2015-04-19 15:41:56,792 ERROR [main] - System.err - at org.eclipse.ui.internal.Workbench.createAndRunWorkbench(Workbench.java:567)
2015-04-19 15:41:56,792 ERROR [main] - System.err - at org.eclipse.ui.PlatformUI.createAndRunWorkbench(PlatformUI.java:150)
2015-04-19 15:41:56,792 ERROR [main] - System.err - at org.eclipse.ui.internal.ide.application.IDEApplication.start(IDEApplication.java:124)
2015-04-19 15:41:56,792 ERROR [main] - System.err - at org.eclipse.equinox.internal.app.EclipseAppHandle.run(EclipseAppHandle.java:196)
2015-04-19 15:41:56,792 ERROR [main] - System.err - at org.eclipse.core.runtime.internal.adaptor.EclipseAppLauncher.runApplication(EclipseAppLauncher.java:110)
2015-04-19 15:41:56,792 ERROR [main] - System.err - at org.eclipse.core.runtime.internal.adaptor.EclipseAppLauncher.start(EclipseAppLauncher.java:79)
2015-04-19 15:41:56,792 ERROR [main] - System.err - at org.eclipse.core.runtime.adaptor.EclipseStarter.run(EclipseStarter.java:354)
2015-04-19 15:41:56,792 ERROR [main] - System.err - at org.eclipse.core.runtime.adaptor.EclipseStarter.run(EclipseStarter.java:181)
2015-04-19 15:41:56,792 ERROR [main] - System.err - at sun.reflect.NativeMethodAccessorImpl.invoke0(Native Method)
2015-04-19 15:41:56,792 ERROR [main] - System.err - at sun.reflect.NativeMethodAccessorImpl.invoke(Unknown Source)
2015-04-19 15:41:56,792 ERROR [main] - System.err - at sun.reflect.DelegatingMethodAccessorImpl.invoke(Unknown Source)
2015-04-19 15:41:56,792 ERROR [main] - System.err - at java.lang.reflect.Method.invoke(Unknown Source)
2015-04-19 15:41:56,792 ERROR [main] - System.err - at org.eclipse.equinox.launcher.Main.invokeFramework(Main.java:636)
2015-04-19 15:41:56,792 ERROR [main] - System.err - at org.eclipse.equinox.launcher.Main.basicRun(Main.java:591)
2015-04-19 15:41:56,792 ERROR [main] - System.err - at org.eclipse.equinox.launcher.Main.run(Main.java:1450)
2015-04-20 09:37:46,819 ERROR [Worker-8] - System.err - SLF4J: Failed to load class "org.slf4j.impl.StaticLoggerBinder".
2015-04-20 09:37:46,824 ERROR [Worker-8] - System.err - SLF4J: Defaulting to no-operation (NOP) logger implementation
2015-04-20 09:37:46,824 ERROR [Worker-8] - System.err - SLF4J: See http://www.slf4j.org/codes.html#StaticLoggerBinder for further details.
2015-04-20 10:29:50,886 ERROR [Worker-0] - System.err - SLF4J: Failed to load class "org.slf4j.impl.StaticLoggerBinder".
2015-04-20 10:29:50,912 ERROR [Worker-0] - System.err - SLF4J: Defaulting to no-operation (NOP) logger implementation
2015-04-20 10:29:50,912 ERROR [Worker-0] - System.err - SLF4J: See http://www.slf4j.org/codes.html#StaticLoggerBinder for further details.
